Arguments: 
  C:\Program Files\nodejs\node.exe C:\Users\brian\AppData\Roaming\npm\node_modules\yarn\bin\yarn.js init

PATH: 
  C:\Users\brian\bin;C:\Program Files\Git\mingw64\bin;C:\Program Files\Git\usr\local\bin;C:\Program Files\Git\usr\bin;C:\Program Files\Git\usr\bin;C:\Program Files\Git\mingw64\bin;C:\Program Files\Git\usr\bin;C:\Users\brian\bin;C:\Program Files (x86)\Common Files\Oracle\Java\javapath;C:\Program Files (x86)\Common Files\Intel\Shared Libraries\redist\intel64_win\compiler;C:\Program Files (x86)\Common Files\Intel\Shared Libraries\redist\intel64_win\compiler;C:\Windows\system32;C:\Windows;C:\Windows\System32\Wbem;C:\Windows\System32\WindowsPowerShell\v1.0;C:\Windows\System32\OpenSSH;C:\Program Files\Microsoft SQL Server\120\Tools\Binn;C:\Program Files\Common Files\Autodesk Shared;C:\Program Files (x86)\NVIDIA Corporation\PhysX\Common;C:\Program Files\NVIDIA Corporation\NVIDIA NvDLISR;C:\Program Files\Calibre2;C:\Program Files\PuTTY;C:\Users\brian\anaconda3;C:\Program Files\nodejs;C:\Users\brian\anaconda3\Scripts;C:\Program Files\Git\cmd;C:\Users\brian\AppData\Local\Programs\Python\Python310\Scripts;C:\Users\brian\AppData\Local\Programs\Python\Python39\Scripts;C:\Program Files\ffmpeg\bin;C:\Program Files\clisp-2.49;C:\Program Files\erl-24.3.4.2\bin;C:\Program Files (x86)\Elixir\bin;C:\Users\brian\.mix\escripts;C:\Program Files\GitHub CLI;C:\Program Files\Microsoft SQL Server\Client SDK\ODBC\110\Tools\Binn;C:\Program Files (x86)\Microsoft SQL Server\120\Tools\Binn;C:\Program Files\Microsoft SQL Server\120\DTS\Binn;C:\Program Files (x86)\Windows Kits\8.1\Windows Performance Toolkit;C:\Program Files\MySQL\MySQL Shell 8.0\bin;C:\Users\brian\AppData\Local\Microsoft\WindowsApps;C:\Users\brian\AppData\Local\atom\bin;C:\Users\brian\AppData\Local\GitHubDesktop\bin;C:\Users\brian\AppData\Local\Programs\Microsoft VS Code\bin;C:\Users\brian\sqlite-tools-win32-x86-3380300;C:\Users\brian\Python310\Scripts;C:\Users\brian\AppData\Roaming\npm;C:\Users\brian\AppData\Local\Programs\Hyper\resources\bin;C:\Program Files\heroku\bin;C:\MinGW\bin;C:\Program Files\Git\usr\bin\vendor_perl;C:\Program Files\Git\usr\bin\core_perl

Yarn version: 
  1.22.19

Node version: 
  16.15.1

Platform: 
  win32 x64

Trace: 
  Error: Can't answer a question unless a user TTY
      at ConsoleReporter.question (C:\Users\brian\AppData\Roaming\npm\node_modules\yarn\lib\cli.js:92864:59)
      at Object.<anonymous> (C:\Users\brian\AppData\Roaming\npm\node_modules\yarn\lib\cli.js:85054:38)
      at Generator.next (<anonymous>)
      at step (C:\Users\brian\AppData\Roaming\npm\node_modules\yarn\lib\cli.js:310:30)
      at C:\Users\brian\AppData\Roaming\npm\node_modules\yarn\lib\cli.js:321:13

npm manifest: 
  No manifest

yarn manifest: 
  No manifest

Lockfile: 
  
